Request Method: POST
POST Data: []
Request Method: POST
POST Data: {"id_customer":"0","id_menu":"item-mie-gacoan","quantity":"1"}
Request Method: POST
POST Data: {"id_customer":"0","id_menu":"item-mie-gacoan","quantity":"2"}
Request Method: POST
POST Data: {"id_customer":"0","id_menu":"item-mie-gacoan","quantity":"2"}
Request Method: POST
POST Data: {"id_customer":"0","id_menu":"item-mie-gacoan","quantity":"1"}
POST Data: []
Raw Input: 
Request Method: POST
POST Data: []
POST Data: []
Raw Input: 
Request Method: POST
POST Data: []
POST Data: []
Raw Input: 
Request Method: GET
